<?xml version="1.0" encoding="UTF-8"?>
<testsuite name="com.drivermonitoring.DrowsinessDetectionApplicationTests" tests="1" skipped="0" failures="0" errors="0" timestamp="2025-04-28T13:56:28.040Z" hostname="NEKIT" time="0.964">
  <properties/>
  <testcase name="contextLoads()" classname="com.drivermonitoring.DrowsinessDetectionApplicationTests" time="0.964"/>
  <system-out><![CDATA[18:56:23.194 [Test worker] INFO org.springframework.test.context.support.AnnotationConfigContextLoaderUtils -- Could not detect default configuration classes for test class [com.drivermonitoring.DrowsinessDetectionApplicationTests]: DrowsinessDetectionApplicationTests does not declare any static, non-private, non-final, nested classes annotated with @Configuration.
18:56:23.317 [Test worker] INFO org.springframework.boot.test.context.SpringBootTestContextBootstrapper -- Found @SpringBootConfiguration com.drivermonitoring.DrowsinessDetectionApplication for test class com.drivermonitoring.DrowsinessDetectionApplicationTests

  .   ____          _            __ _ _
 /\\ / ___'_ __ _ _(_)_ __  __ _ \ \ \ \
( ( )\___ | '_ | '_| | '_ \/ _` | \ \ \ \
 \\/  ___)| |_)| | | | | || (_| |  ) ) ) )
  '  |____| .__|_| |_|_| |_\__, | / / / /
 =========|_|==============|___/=/_/_/_/

 :: Spring Boot ::                (v3.4.5)

2025-04-28T18:56:23.721+05:00  INFO 6184 --- [drowsiness-detection] [    Test worker] c.d.DrowsinessDetectionApplicationTests  : Starting DrowsinessDetectionApplicationTests using Java 17.0.12 with PID 6184 (started by nikit in C:\Users\nikit\Desktop\Projects\drowsiness-detection)
2025-04-28T18:56:23.723+05:00  INFO 6184 --- [drowsiness-detection] [    Test worker] c.d.DrowsinessDetectionApplicationTests  : No active profile set, falling back to 1 default profile: "default"
2025-04-28T18:56:24.366+05:00  INFO 6184 --- [drowsiness-detection] [    Test worker] .s.d.r.c.RepositoryConfigurationDelegate : Bootstrapping Spring Data JPA repositories in DEFAULT mode.
2025-04-28T18:56:24.391+05:00  INFO 6184 --- [drowsiness-detection] [    Test worker] .s.d.r.c.RepositoryConfigurationDelegate : Finished Spring Data repository scanning in 15 ms. Found 0 JPA repository interfaces.
2025-04-28T18:56:24.760+05:00  INFO 6184 --- [drowsiness-detection] [    Test worker] com.zaxxer.hikari.HikariDataSource       : HikariPool-1 - Starting...
2025-04-28T18:56:24.996+05:00  INFO 6184 --- [drowsiness-detection] [    Test worker] com.zaxxer.hikari.pool.HikariPool        : HikariPool-1 - Added connection conn0: url=jdbc:h2:mem:deb8c6c9-9a03-4224-9b84-fde56c845449 user=SA
2025-04-28T18:56:24.998+05:00  INFO 6184 --- [drowsiness-detection] [    Test worker] com.zaxxer.hikari.HikariDataSource       : HikariPool-1 - Start completed.
2025-04-28T18:56:25.056+05:00  INFO 6184 --- [drowsiness-detection] [    Test worker] o.hibernate.jpa.internal.util.LogHelper  : HHH000204: Processing PersistenceUnitInfo [name: default]
2025-04-28T18:56:25.123+05:00  INFO 6184 --- [drowsiness-detection] [    Test worker] org.hibernate.Version                    : HHH000412: Hibernate ORM core version 6.6.13.Final
2025-04-28T18:56:25.169+05:00  INFO 6184 --- [drowsiness-detection] [    Test worker] o.h.c.internal.RegionFactoryInitiator    : HHH000026: Second-level cache disabled
2025-04-28T18:56:25.598+05:00  INFO 6184 --- [drowsiness-detection] [    Test worker] o.s.o.j.p.SpringPersistenceUnitInfo      : No LoadTimeWeaver setup: ignoring JPA class transformer
2025-04-28T18:56:25.759+05:00  INFO 6184 --- [drowsiness-detection] [    Test worker] org.hibernate.orm.connections.pooling    : HHH10001005: Database info:
	Database JDBC URL [Connecting through datasource 'HikariDataSource (HikariPool-1)']
	Database driver: undefined/unknown
	Database version: 2.3.232
	Autocommit mode: undefined/unknown
	Isolation level: undefined/unknown
	Minimum pool size: undefined/unknown
	Maximum pool size: undefined/unknown
2025-04-28T18:56:26.369+05:00  INFO 6184 --- [drowsiness-detection] [    Test worker] o.h.e.t.j.p.i.JtaPlatformInitiator       : HHH000489: No JTA platform available (set 'hibernate.transaction.jta.platform' to enable JTA platform integration)
2025-04-28T18:56:26.379+05:00  INFO 6184 --- [drowsiness-detection] [    Test worker] j.LocalContainerEntityManagerFactoryBean : Initialized JPA EntityManagerFactory for persistence unit 'default'
2025-04-28T18:56:26.666+05:00  WARN 6184 --- [drowsiness-detection] [    Test worker] JpaBaseConfiguration$JpaWebConfiguration : spring.jpa.open-in-view is enabled by default. Therefore, database queries may be performed during view rendering. Explicitly configure spring.jpa.open-in-view to disable this warning
2025-04-28T18:56:27.995+05:00  INFO 6184 --- [drowsiness-detection] [    Test worker] c.d.DrowsinessDetectionApplicationTests  : Started DrowsinessDetectionApplicationTests in 4.515 seconds (process running for 5.602)
]]></system-out>
  <system-err><![CDATA[]]></system-err>
</testsuite>
